  Main.cpp
C:\VisionEngineGL\VisionEngineGL\Fast_Maths.h(85,11): warning C4244: '*=': conversion from 'float' to 'uint32_t', possible loss of data
  (compiling source file 'Main.cpp')
  
C:\VisionEngineGL\VisionEngineGL\Fast_Maths.h(95,18): warning C4244: 'initializing': conversion from 'int64_t' to 'float', possible loss of data
  (compiling source file 'Main.cpp')
  
C:\VisionEngineGL\VisionEngineGL\Fast_Maths.h(104,11): warning C4244: '+=': conversion from 'float' to 'uint32_t', possible loss of data
  (compiling source file 'Main.cpp')
  
C:\VisionEngineGL\VisionEngineGL\Fast_Maths.h(126,11): warning C4244: '*=': conversion from 'float' to 'uint32_t', possible loss of data
  (compiling source file 'Main.cpp')
  
C:\VisionEngineGL\VisionEngineGL\Vertex_Buffer_Declarations.h(128,37): warning C4267: '=': conversion from 'size_t' to 'unsigned int', possible loss of data
  (compiling source file 'Main.cpp')
  
C:\VisionEngineGL\VisionEngineGL\Texture_Declarations.h(57,36): warning C4267: 'argument': conversion from 'size_t' to 'GLenum', possible loss of data
  (compiling source file 'Main.cpp')
  
C:\VisionEngineGL\VisionEngineGL\Mesh_Loader.h(102,57): warning C4267: '=': conversion from 'size_t' to 'unsigned int', possible loss of data
  (compiling source file 'Main.cpp')
  
C:\VisionEngineGL\VisionEngineGL\Hitdetection.h(39,21): warning C4305: '=': truncation from 'double' to 'float'
  (compiling source file 'Main.cpp')
  
C:\VisionEngineGL\VisionEngineGL\Physics_Engine.h(83,18): warning C4244: 'initializing': conversion from 'double' to 'float', possible loss of data
  (compiling source file 'Main.cpp')
  
C:\VisionEngineGL\VisionEngineGL\Input_Handler.h(117,14): warning C4244: 'initializing': conversion from 'double' to 'float', possible loss of data
  (compiling source file 'Main.cpp')
  
C:\VisionEngineGL\VisionEngineGL\Input_Handler.h(131,102): warning C4305: 'argument': truncation from 'double' to 'T'
C:\VisionEngineGL\VisionEngineGL\Input_Handler.h(131,102): warning C4305:         with
C:\VisionEngineGL\VisionEngineGL\Input_Handler.h(131,102): warning C4305:         [
C:\VisionEngineGL\VisionEngineGL\Input_Handler.h(131,102): warning C4305:             T=float
C:\VisionEngineGL\VisionEngineGL\Input_Handler.h(131,102): warning C4305:         ]
  (compiling source file 'Main.cpp')
  
C:\VisionEngineGL\VisionEngineGL\Engine_Loop.h(128,24): warning C4244: '=': conversion from 'double' to 'float', possible loss of data
  (compiling source file 'Main.cpp')
  
C:\VisionEngineGL\VisionEngineGL\Engine_Loop.h(137,26): warning C4305: 'argument': truncation from 'double' to 'GLfloat'
  (compiling source file 'Main.cpp')
  
C:\VisionEngineGL\VisionEngineGL\Engine_Loop.h(137,21): warning C4305: 'argument': truncation from 'double' to 'GLfloat'
  (compiling source file 'Main.cpp')
  
C:\VisionEngineGL\VisionEngineGL\Engine_Loop.h(137,16): warning C4305: 'argument': truncation from 'double' to 'GLfloat'
  (compiling source file 'Main.cpp')
  
C:\VisionEngineGL\VisionEngineGL\Engine_Loop.h(140,53): warning C4244: 'argument': conversion from 'double' to 'float', possible loss of data
  (compiling source file 'Main.cpp')
  
C:\VisionEngineGL\VisionEngineGL\Particle_System_Declarations.h(116,92): warning C4267: 'argument': conversion from 'size_t' to 'GLsizei', possible loss of data
  (compiling source file 'Main.cpp')
  C:\VisionEngineGL\VisionEngineGL\Particle_System_Declarations.h(116,92):
  the template instantiation context (the oldest one first) is
  	C:\VisionEngineGL\VisionEngineGL\Particle_System_Declarations.h(131,40):
  	see reference to class template instantiation 'Particle_Renderer<Smoke_Particle_Info>' being compiled
  	C:\VisionEngineGL\VisionEngineGL\Particle_System_Declarations.h(97,8):
  	while compiling class template member function 'void Particle_Renderer<Smoke_Particle_Info>::Render(void)'
  		C:\VisionEngineGL\VisionEngineGL\Engine_Loop.h(42,24):
  		see the first reference to 'Particle_Renderer<Smoke_Particle_Info>::Render' in 'Render_All'
  
C:\VisionEngineGL\VisionEngineGL\Particle_System_Declarations.h(47,40): warning C4267: 'argument': conversion from 'size_t' to 'GLsizei', possible loss of data
  (compiling source file 'Main.cpp')
  C:\VisionEngineGL\VisionEngineGL\Particle_System_Declarations.h(47,40):
  the template instantiation context (the oldest one first) is
  	C:\VisionEngineGL\VisionEngineGL\Particle_System_Declarations.h(54,36):
  	see reference to class template instantiation 'Particle_Info<Smoke_Particle>' being compiled
  	C:\VisionEngineGL\VisionEngineGL\Particle_System_Declarations.h(44,7):
  	while compiling class template member function 'void Particle_Info<Smoke_Particle>::Parse_Values(size_t)'
  		C:\VisionEngineGL\VisionEngineGL\Particle_System_Declarations.h(114,27):
  		see the first reference to 'Particle_Info<Smoke_Particle>::Parse_Values' in 'Particle_Renderer<Smoke_Particle_Info>::Render'
  		C:\VisionEngineGL\VisionEngineGL\Engine_Loop.h(42,24):
  		see the first reference to 'Particle_Renderer<Smoke_Particle_Info>::Render' in 'Render_All'
  
C:\VisionEngineGL\VisionEngineGL\OpenGL_Declarations.h(127): warning C4715: 'Get_File_Contents': not all control paths return a value
  VisionEngineGL.vcxproj -> C:\VisionEngineGL\VisionEngineGL\VisionEngineGL.exe
