c:\visionenginegl\visionenginegl\vertex_animation_compiler\x64\debug\vc143.pdb
c:\visionenginegl\visionenginegl\vertex_animation_compiler\x64\debug\vc143.idb
c:\visionenginegl\visionenginegl\vertex_animation_compiler\x64\debug\vertex_animation_compiler.obj
c:\visionenginegl\visionenginegl\vertex_animation_compiler\x64\debug\vertex_animation_compiler.pdb
c:\visionenginegl\visionenginegl\vertex_animation_compiler\x64\debug\vertex_a.1436f07d.tlog\cl.command.1.tlog
c:\visionenginegl\visionenginegl\vertex_animation_compiler\x64\debug\vertex_a.1436f07d.tlog\cl.items.tlog
c:\visionenginegl\visionenginegl\vertex_animation_compiler\x64\debug\vertex_a.1436f07d.tlog\cl.read.1.tlog
c:\visionenginegl\visionenginegl\vertex_animation_compiler\x64\debug\vertex_a.1436f07d.tlog\cl.write.1.tlog
c:\visionenginegl\visionenginegl\vertex_animation_compiler\x64\debug\vertex_a.1436f07d.tlog\link-cvtres.read.1.tlog
c:\visionenginegl\visionenginegl\vertex_animation_compiler\x64\debug\vertex_a.1436f07d.tlog\link-cvtres.write.1.tlog
c:\visionenginegl\visionenginegl\vertex_animation_compiler\x64\debug\vertex_a.1436f07d.tlog\link-rc.read.1.tlog
c:\visionenginegl\visionenginegl\vertex_animation_compiler\x64\debug\vertex_a.1436f07d.tlog\link-rc.write.1.tlog
c:\visionenginegl\visionenginegl\vertex_animation_compiler\x64\debug\vertex_a.1436f07d.tlog\link.25556-cvtres.read.1.tlog
c:\visionenginegl\visionenginegl\vertex_animation_compiler\x64\debug\vertex_a.1436f07d.tlog\link.25556-cvtres.write.1.tlog
c:\visionenginegl\visionenginegl\vertex_animation_compiler\x64\debug\vertex_a.1436f07d.tlog\link.25556-rc.read.1.tlog
c:\visionenginegl\visionenginegl\vertex_animation_compiler\x64\debug\vertex_a.1436f07d.tlog\link.25556-rc.write.1.tlog
c:\visionenginegl\visionenginegl\vertex_animation_compiler\x64\debug\vertex_a.1436f07d.tlog\link.25556.read.1.tlog
c:\visionenginegl\visionenginegl\vertex_animation_compiler\x64\debug\vertex_a.1436f07d.tlog\link.25556.read.2.tlog
c:\visionenginegl\visionenginegl\vertex_animation_compiler\x64\debug\vertex_a.1436f07d.tlog\link.25556.write.1.tlog
c:\visionenginegl\visionenginegl\vertex_animation_compiler\x64\debug\vertex_a.1436f07d.tlog\link.command.1.tlog
c:\visionenginegl\visionenginegl\vertex_animation_compiler\x64\debug\vertex_a.1436f07d.tlog\link.read.1.tlog
c:\visionenginegl\visionenginegl\vertex_animation_compiler\x64\debug\vertex_a.1436f07d.tlog\link.read.2.tlog
c:\visionenginegl\visionenginegl\vertex_animation_compiler\x64\debug\vertex_a.1436f07d.tlog\link.write.1.tlog
